<?xml version="1.0" encoding="UTF-8"?>
<testng-results ignored="0" total="1" passed="1" failed="0" skipped="0">
  <reporter-output>
  </reporter-output>
  <suite started-at="2023-03-01T12:39:44 IST" name="Default suite" finished-at="2023-03-01T12:40:03 IST" duration-ms="19187">
    <groups>
    </groups>
    <test started-at="2023-03-01T12:39:44 IST" name="Default test" finished-at="2023-03-01T12:40:03 IST" duration-ms="19187">
      <class name="testscripts.FirstTest">
        <test-method is-config="true" signature="classConfiguration()[pri:0, instance:testscripts.FirstTest@d5b810e]" started-at="2023-03-01T12:39:44 IST" name="classConfiguration" finished-at="2023-03-01T12:39:46 IST" duration-ms="2222" status="PASS">
          <reporter-output>
          </reporter-output>
        </test-method> <!-- classConfiguration -->
        <test-method is-config="true" signature="methodConfiguration()[pri:0, instance:testscripts.FirstTest@d5b810e]" started-at="2023-03-01T12:39:46 IST" name="methodConfiguration" finished-at="2023-03-01T12:39:55 IST" duration-ms="8898" status="PASS">
          <reporter-output>
          </reporter-output>
        </test-method> <!-- methodConfiguration -->
        <test-method signature="firstTest()[pri:0, instance:testscripts.FirstTest@d5b810e]" started-at="2023-03-01T12:39:55 IST" name="firstTest" finished-at="2023-03-01T12:40:02 IST" duration-ms="6651" status="PASS">
          <reporter-output>
          </reporter-output>
        </test-method> <!-- firstTest -->
        <test-method is-config="true" signature="methodTearDown()[pri:0, instance:testscripts.FirstTest@d5b810e]" started-at="2023-03-01T12:40:02 IST" name="methodTearDown" finished-at="2023-03-01T12:40:03 IST" duration-ms="1294" status="PASS">
          <reporter-output>
          </reporter-output>
        </test-method> <!-- methodTearDown -->
        <test-method is-config="true" signature="classTearDown()[pri:0, instance:testscripts.FirstTest@d5b810e]" started-at="2023-03-01T12:40:03 IST" name="classTearDown" finished-at="2023-03-01T12:40:03 IST" duration-ms="2" status="PASS">
          <reporter-output>
          </reporter-output>
        </test-method> <!-- classTearDown -->
      </class> <!-- testscripts.FirstTest -->
    </test> <!-- Default test -->
  </suite> <!-- Default suite -->
</testng-results>
